<?xml version="1.0" encoding="UTF-8"?>


<beans xmlns="http://www.springframework.org/schema/beans"
       xmlns:security="http://www.springframework.org/schema/security"
       xmlns:xsi="http://www.w3.org/2001/XMLSchema-instance"
       xmlns:context="http://www.springframework.org/schema/context"
       xmlns:tx="http://www.springframework.org/schema/tx" xmlns:p="http://www.springframework.org/schema/p"
       xmlns:aop="http://www.springframework.org/schema/aop" xmlns:cache="http://www.springframework.org/schema/cache"
       xsi:schemaLocation="http://www.springframework.org/schema/beans
    http://www.springframework.org/schema/beans/spring-beans-3.0.xsd
    http://www.springframework.org/schema/context
    http://www.springframework.org/schema/context/spring-context-3.0.xsd 
    http://www.springframework.org/schema/tx 		
    http://www.springframework.org/schema/tx/spring-tx.xsd
	http://www.springframework.org/schema/security
	http://www.springframework.org/schema/security/spring-security-4.2.xsd http://www.springframework.org/schema/aop http://www.springframework.org/schema/aop/spring-aop.xsd http://www.springframework.org/schema/cache http://www.springframework.org/schema/cache/spring-cache.xsd">

    <bean id="dnaSampleDao" class="org.gobiiproject.gobiisampletrackingdao.DnaSampleDaoImpl"/>
    <bean id="markerLinkageGroupDao" class="org.gobiiproject.gobiisampletrackingdao.MarkerLinkageGroupDaoImpl"/>
    <bean id="markerDao" class="org.gobiiproject.gobiisampletrackingdao.MarkerDaoImpl"/>
    <bean id="dnaRunDao" class="org.gobiiproject.gobiisampletrackingdao.DnaRunDaoImpl"/>
    <bean id="datasetDao" class="org.gobiiproject.gobiisampletrackingdao.DatasetDaoImpl"/>
    <bean id="mapsetDao" class="org.gobiiproject.gobiisampletrackingdao.MapsetDaoImpl"/>
    <bean id="linkageGroupDao" class="org.gobiiproject.gobiisampletrackingdao.LinkageGroupDaoImpl"/>
    <bean id="cvDao" class="org.gobiiproject.gobiisampletrackingdao.CvDaoImpl"/>
    <bean id="v3ProjectDao" class="org.gobiiproject.gobiisampletrackingdao.ProjectDaoImpl"/>
    <bean id="contactDao" class="org.gobiiproject.gobiisampletrackingdao.ContactDaoImpl"/>

    <bean id="spWorker"
          class="org.gobiiproject.gobiisampletrackingdao.spworkers.SpWorker"/>
    <context:annotation-config />
    <context:component-scan base-package="org.gobiiproject.gobiisampletrackingdao.spring"/>
    <context:component-scan base-package="org.gobiiproject.gobiisampletrackingdao"/>
    <bean id="entityManagerFactory"
          class="org.springframework.orm.jpa.LocalContainerEntityManagerFactoryBean">
        <property name="dataSource" ref="dataSourceMulti"/>
        <property name="packagesToScan" value="org.gobiiproject.gobiimodel.entity"/>
        <property name="mappingResources" value="META_INF/mapping.xml"/>
        <property name="jpaVendorAdapter">
            <bean class="org.springframework.orm.jpa.vendor.HibernateJpaVendorAdapter"/>
        </property>
        <property name="jpaProperties">
            <props>
                 <!--prop key="hibernate.dialect">org.hibernate.dialect.PostgreSQL9Dialect</prop-->
                <prop key="hibernate.dialect">org.gobiiproject.gobiimodel.entity.pgsql.GobiiPostgresSQLDialect</prop>
                <prop key="hibernate.show_sql">true</prop>
                <prop key="hibernate.generate_statistics">true</prop>

            </props>
        </property>
    </bean>

    <bean id="transactionManager" class="org.springframework.orm.jpa.JpaTransactionManager">
        <property name="entityManagerFactory" ref="entityManagerFactory"/>
    </bean>
    <tx:annotation-driven transaction-manager="transactionManager" />

    <bean id="persistenceExceptionTranslationPostProcessor"
          class="org.springframework.dao.annotation.PersistenceExceptionTranslationPostProcessor"/>



</beans>
